<?xml version="1.0" encoding="UTF-8"?>
<!-- Generated by org.testng.reporters.JUnitReportReporter -->
<testsuite hostname="Deepaks-MacBook-Pro-3.local" name="com.app.work.StringTest" tests="2" failures="0" timestamp="13 Dec 2016 06:23:08 GMT" time="0.012" errors="0">
  <testcase name="testStringReplacemtWithJava" time="0.004" classname="com.app.work.StringTest"/>
  <testcase name="_testStringReplacemt" time="0.008" classname="com.app.work.StringTest"/>
</testsuite> <!-- com.app.work.StringTest -->
