<?xml version="1.0" encoding="UTF-8"?>
<!-- Generated by org.testng.reporters.JUnitReportReporter -->
<testsuite hostname="Deepaks-MacBook-Pro-3.local" name="com.app.work.TestiTunesSearchApi" tests="4" failures="0" timestamp="13 Dec 2016 06:23:01 GMT" time="2.098" errors="0">
  <testcase name="_testSearchTermCountry" time="0.233" classname="com.app.work.TestiTunesSearchApi"/>
  <testcase name="_testSearchTermCountryMediaWithLimit" time="0.221" classname="com.app.work.TestiTunesSearchApi"/>
  <testcase name="_testSearchTermCountryMedia" time="0.209" classname="com.app.work.TestiTunesSearchApi"/>
  <testcase name="_testSearchTerm" time="1.435" classname="com.app.work.TestiTunesSearchApi"/>
</testsuite> <!-- com.app.work.TestiTunesSearchApi -->
