<?xml version="1.0" encoding="UTF-8"?>
<!-- Generated by org.testng.reporters.JUnitReportReporter -->
<testsuite hostname="Deepaks-MacBook-Pro-3.local" name="StringExercise.StringReplaceExercise.StringTest" tests="2" failures="0" timestamp="12 Dec 2016 21:08:30 GMT" time="0.011" errors="0">
  <testcase name="_testStringReplacemt" time="0.007" classname="StringExercise.StringReplaceExercise.StringTest"/>
  <testcase name="testStringReplacemtWithJava" time="0.004" classname="StringExercise.StringReplaceExercise.StringTest"/>
</testsuite> <!-- StringExercise.StringReplaceExercise.StringTest -->
